<?xml version="1.0" encoding="UTF-8"?>
<!-- Generated by org.testng.reporters.JUnitReportReporter -->
<testsuite skipped="0" hostname="DESKTOP-TNM7JT2" name="com.revature.tests.PrivilegeDao_Test" tests="4" failures="0" timestamp="25 Oct 2018 02:26:06 GMT" time="224.955" errors="0">
  <testcase name="insertPrivilegeTest" time="0.365" classname="com.revature.tests.PrivilegeDao_Test"/>
  <testcase name="selectPrivilegeByIdTest" time="0.054" classname="com.revature.tests.PrivilegeDao_Test"/>
  <testcase name="updatePrivilegeTest" time="0.482" classname="com.revature.tests.PrivilegeDao_Test"/>
  <testcase name="getAllPrivilegesTest" time="224.054" classname="com.revature.tests.PrivilegeDao_Test"/>
</testsuite> <!-- com.revature.tests.PrivilegeDao_Test -->
