<?xml version="1.0" encoding="UTF-8"?>
<!-- Generated by org.testng.reporters.JUnitReportReporter -->
<testsuite skipped="0" hostname="DESKTOP-TNM7JT2" name="com.revature.tests.ResponseDao_Test" tests="4" failures="0" timestamp="27 Oct 2018 19:07:59 GMT" time="0.769" errors="0">
  <testcase name="testGetAllResponsesByTopic" time="0.188" classname="com.revature.tests.ResponseDao_Test"/>
  <testcase name="testGetAll" time="0.305" classname="com.revature.tests.ResponseDao_Test"/>
  <testcase name="testUpdateResponse" time="0.228" classname="com.revature.tests.ResponseDao_Test"/>
  <testcase name="testSelectResponse" time="0.048" classname="com.revature.tests.ResponseDao_Test"/>
</testsuite> <!-- com.revature.tests.ResponseDao_Test -->
