<?xml version="1.0" encoding="UTF-8"?>
<!-- Generated by org.testng.reporters.JUnitReportReporter -->
<testsuite skipped="0" hostname="DESKTOP-TNM7JT2" name="com.revature.tests.PrivilegeDao_Test" tests="1" failures="0" timestamp="23 Oct 2018 20:46:09 GMT" time="39.721" errors="0">
  <testcase name="selectPrivilegeByIdTest" time="39.721" classname="com.revature.tests.PrivilegeDao_Test"/>
</testsuite> <!-- com.revature.tests.PrivilegeDao_Test -->
