<?xml version="1.0" encoding="UTF-8"?>
<!-- Generated by org.testng.reporters.JUnitReportReporter -->
<testsuite skipped="0" hostname="DESKTOP-TNM7JT2" name="com.revature.tests.TopicDao_Test" tests="3" failures="0" timestamp="27 Oct 2018 16:24:53 GMT" time="55.800" errors="0">
  <testcase name="testSelectTopic" time="0.043" classname="com.revature.tests.TopicDao_Test"/>
  <testcase name="testUpdateTopic" time="0.510" classname="com.revature.tests.TopicDao_Test"/>
  <testcase name="testGetAllTopics" time="55.247" classname="com.revature.tests.TopicDao_Test"/>
</testsuite> <!-- com.revature.tests.TopicDao_Test -->
