<?xml version="1.0" encoding="UTF-8"?>
<!-- Generated by org.testng.reporters.JUnitReportReporter -->
<testsuite skipped="0" hostname="DESKTOP-TNM7JT2" name="com.revature.tests.TomDao_Test" tests="5" failures="0" timestamp="26 Oct 2018 19:25:46 GMT" time="5.045" errors="0">
  <testcase name="testRetrieveByUname" time="0.094" classname="com.revature.tests.TomDao_Test"/>
  <testcase name="testGetToms" time="4.451" classname="com.revature.tests.TomDao_Test"/>
  <testcase name="testInsert" time="0.237" classname="com.revature.tests.TomDao_Test"/>
  <testcase name="testRetrieveById" time="0.044" classname="com.revature.tests.TomDao_Test"/>
  <testcase name="testUpdate" time="0.219" classname="com.revature.tests.TomDao_Test"/>
</testsuite> <!-- com.revature.tests.TomDao_Test -->
