<?xml version="1.0" encoding="UTF-8"?>
<!-- Generated by org.testng.reporters.JUnitReportReporter -->
<testsuite skipped="0" hostname="DESKTOP-TNM7JT2" name="com.revature.tests.TomDao_Test" tests="1" failures="0" timestamp="25 Oct 2018 18:38:25 GMT" time="0.004" errors="0">
  <testcase name="f" time="0.004" classname="com.revature.tests.TomDao_Test"/>
</testsuite> <!-- com.revature.tests.TomDao_Test -->
